2024-02-11 10:30:46,183 [Worker-0: Loading available Gradle versions] INFO  o.e.b.c.i.u.g.PublishedGradleVersions - Gradle version information cache is out-of-date. Trying to update.
2024-02-11 10:38:19,123 [Worker-11: Creating project "parking_at_tips"] INFO  o.e.m.c.i.l.LifecycleMappingFactory - Using org.eclipse.m2e.jdt.JarLifecycleMapping lifecycle mapping for MavenProject: parking_at_tips:parking_at_tips:0.0.1-SNAPSHOT @ D:\project\parking_at_tips\parking_at_tips\pom.xml.
2024-02-11 10:38:21,106 [Worker-11: Creating project "parking_at_tips"] INFO  o.e.m.j.i.AbstractJavaProjectConfigurator - Adding source folder /parking_at_tips/src/main/java
2024-02-11 10:38:21,108 [Worker-11: Creating project "parking_at_tips"] INFO  o.e.m.j.i.AbstractJavaProjectConfigurator - Adding resource folder /parking_at_tips/src/main/resources
2024-02-11 10:38:21,110 [Worker-11: Creating project "parking_at_tips"] INFO  o.e.m.j.i.AbstractJavaProjectConfigurator - Adding source folder /parking_at_tips/src/test/java
2024-02-11 10:38:21,110 [Worker-11: Creating project "parking_at_tips"] INFO  o.e.m.j.i.AbstractJavaProjectConfigurator - Adding resource folder /parking_at_tips/src/test/resources
2024-02-11 10:45:57,441 [Worker-6: reload maven project] ERROR o.e.m.c.i.p.r.ProjectRegistryManager - Failed to read Maven project: Some problems were encountered while processing the POMs:
[FATAL] Non-resolvable parent POM for MySpringBootRESTWebService:MySpringBootRESTWebService:0.0.1-SNAPSHOT: Could not find artifact org.springframework.boot:spring-boot-starter-parent:pom:2.7.14-SNAPSHOT and 'parent.relativePath' points at no local POM @ line 8, column 11

org.apache.maven.project.ProjectBuildingException: Some problems were encountered while processing the POMs:
[FATAL] Non-resolvable parent POM for MySpringBootRESTWebService:MySpringBootRESTWebService:0.0.1-SNAPSHOT: Could not find artifact org.springframework.boot:spring-boot-starter-parent:pom:2.7.14-SNAPSHOT and 'parent.relativePath' points at no local POM @ line 8, column 11

	at org.eclipse.m2e.core.internal.IMavenToolbox.readMavenProjects(IMavenToolbox.java:131)
	at org.eclipse.m2e.core.internal.project.registry.ProjectRegistryManager.lambda$20(ProjectRegistryManager.java:902)
	at org.eclipse.m2e.core.internal.embedder.MavenExecutionContext.executeBare(MavenExecutionContext.java:394)
	at org.eclipse.m2e.core.internal.embedder.MavenExecutionContext.execute(MavenExecutionContext.java:275)
	at org.eclipse.m2e.core.internal.embedder.MavenExecutionContext.execute(MavenExecutionContext.java:214)
	at org.eclipse.m2e.core.internal.project.registry.ProjectRegistryManager.readProjectsWithDependencies(ProjectRegistryManager.java:898)
	at org.eclipse.m2e.core.internal.project.registry.ProjectRegistryManager.create(ProjectRegistryManager.java:214)
	at org.eclipse.m2e.core.internal.project.registry.MavenProjectManager.create(MavenProjectManager.java:105)
	at org.eclipse.m2e.core.ui.internal.actions.SelectionUtil.getMavenProject(SelectionUtil.java:239)
	at org.eclipse.m2e.editor.pom.MavenPomEditor.readMavenProject(MavenPomEditor.java:708)
	at org.eclipse.m2e.editor.pom.MavenPomEditor$4.run(MavenPomEditor.java:1028)
	at org.eclipse.core.internal.jobs.Worker.run(Worker.java:63)
2024-02-11 10:48:15,759 [main] INFO  o.e.m2e.actions.ExecutePomAction - Creating new launch configuration
2024-02-11 10:48:23,349 [Worker-11: Launching parking_at_tips] INFO  o.eclipse.m2e.core.internal.Bundles - getClasspathEntries(Bundle=org.eclipse.m2e.maven.runtime_3.8.701.20230209-1606 [610])
2024-02-11 10:48:23,367 [Worker-11: Launching parking_at_tips] INFO  o.eclipse.m2e.core.internal.Bundles - 	Entry: D:\Eclipse\Eclipse\Setup\eclipse\plugins\org.eclipse.m2e.maven.runtime_3.8.701.20230209-1606
2024-02-11 10:48:23,367 [Worker-11: Launching parking_at_tips] INFO  o.eclipse.m2e.core.internal.Bundles - 	Entry: D:\Eclipse\Eclipse\Setup\eclipse\plugins\org.eclipse.m2e.maven.runtime_3.8.701.20230209-1606\jars\aether-connector-okhttp-0.17.8.jar
2024-02-11 10:48:23,367 [Worker-11: Launching parking_at_tips] INFO  o.eclipse.m2e.core.internal.Bundles - 	Entry: D:\Eclipse\Eclipse\Setup\eclipse\plugins\org.eclipse.m2e.maven.runtime_3.8.701.20230209-1606\jars\commons-lang3-3.8.1.jar
2024-02-11 10:48:23,368 [Worker-11: Launching parking_at_tips] INFO  o.eclipse.m2e.core.internal.Bundles - 	Entry: D:\Eclipse\Eclipse\Setup\eclipse\plugins\org.eclipse.m2e.maven.runtime_3.8.701.20230209-1606\jars\guice-4.2.2-no_aop.jar
2024-02-11 10:48:23,368 [Worker-11: Launching parking_at_tips] INFO  o.eclipse.m2e.core.internal.Bundles - 	Entry: D:\Eclipse\Eclipse\Setup\eclipse\plugins\org.eclipse.m2e.maven.runtime_3.8.701.20230209-1606\jars\jansi-2.4.0.jar
2024-02-11 10:48:23,368 [Worker-11: Launching parking_at_tips] INFO  o.eclipse.m2e.core.internal.Bundles - 	Entry: D:\Eclipse\Eclipse\Setup\eclipse\plugins\org.eclipse.m2e.maven.runtime_3.8.701.20230209-1606\jars\maven-artifact-3.8.7.jar
2024-02-11 10:48:23,368 [Worker-11: Launching parking_at_tips] INFO  o.eclipse.m2e.core.internal.Bundles - 	Entry: D:\Eclipse\Eclipse\Setup\eclipse\plugins\org.eclipse.m2e.maven.runtime_3.8.701.20230209-1606\jars\maven-builder-support-3.8.7.jar
2024-02-11 10:48:23,368 [Worker-11: Launching parking_at_tips] INFO  o.eclipse.m2e.core.internal.Bundles - 	Entry: D:\Eclipse\Eclipse\Setup\eclipse\plugins\org.eclipse.m2e.maven.runtime_3.8.701.20230209-1606\jars\maven-compat-3.8.7.jar
2024-02-11 10:48:23,368 [Worker-11: Launching parking_at_tips] INFO  o.eclipse.m2e.core.internal.Bundles - 	Entry: D:\Eclipse\Eclipse\Setup\eclipse\plugins\org.eclipse.m2e.maven.runtime_3.8.701.20230209-1606\jars\maven-core-3.8.7.jar
2024-02-11 10:48:23,368 [Worker-11: Launching parking_at_tips] INFO  o.eclipse.m2e.core.internal.Bundles - 	Entry: D:\Eclipse\Eclipse\Setup\eclipse\plugins\org.eclipse.m2e.maven.runtime_3.8.701.20230209-1606\jars\maven-embedder-3.8.7.jar
2024-02-11 10:48:23,369 [Worker-11: Launching parking_at_tips] INFO  o.eclipse.m2e.core.internal.Bundles - 	Entry: D:\Eclipse\Eclipse\Setup\eclipse\plugins\org.eclipse.m2e.maven.runtime_3.8.701.20230209-1606\jars\maven-model-3.8.7.jar
2024-02-11 10:48:23,369 [Worker-11: Launching parking_at_tips] INFO  o.eclipse.m2e.core.internal.Bundles - 	Entry: D:\Eclipse\Eclipse\Setup\eclipse\plugins\org.eclipse.m2e.maven.runtime_3.8.701.20230209-1606\jars\maven-model-builder-3.8.7.jar
2024-02-11 10:48:23,369 [Worker-11: Launching parking_at_tips] INFO  o.eclipse.m2e.core.internal.Bundles - 	Entry: D:\Eclipse\Eclipse\Setup\eclipse\plugins\org.eclipse.m2e.maven.runtime_3.8.701.20230209-1606\jars\maven-plugin-api-3.8.7.jar
2024-02-11 10:48:23,369 [Worker-11: Launching parking_at_tips] INFO  o.eclipse.m2e.core.internal.Bundles - 	Entry: D:\Eclipse\Eclipse\Setup\eclipse\plugins\org.eclipse.m2e.maven.runtime_3.8.701.20230209-1606\jars\maven-repository-metadata-3.8.7.jar
2024-02-11 10:48:23,369 [Worker-11: Launching parking_at_tips] INFO  o.eclipse.m2e.core.internal.Bundles - 	Entry: D:\Eclipse\Eclipse\Setup\eclipse\plugins\org.eclipse.m2e.maven.runtime_3.8.701.20230209-1606\jars\maven-resolver-api-1.6.3.jar
2024-02-11 10:48:23,369 [Worker-11: Launching parking_at_tips] INFO  o.eclipse.m2e.core.internal.Bundles - 	Entry: D:\Eclipse\Eclipse\Setup\eclipse\plugins\org.eclipse.m2e.maven.runtime_3.8.701.20230209-1606\jars\maven-resolver-connector-basic-1.6.3.jar
2024-02-11 10:48:23,370 [Worker-11: Launching parking_at_tips] INFO  o.eclipse.m2e.core.internal.Bundles - 	Entry: D:\Eclipse\Eclipse\Setup\eclipse\plugins\org.eclipse.m2e.maven.runtime_3.8.701.20230209-1606\jars\maven-resolver-impl-1.6.3.jar
2024-02-11 10:48:23,370 [Worker-11: Launching parking_at_tips] INFO  o.eclipse.m2e.core.internal.Bundles - 	Entry: D:\Eclipse\Eclipse\Setup\eclipse\plugins\org.eclipse.m2e.maven.runtime_3.8.701.20230209-1606\jars\maven-resolver-provider-3.8.7.jar
2024-02-11 10:48:23,370 [Worker-11: Launching parking_at_tips] INFO  o.eclipse.m2e.core.internal.Bundles - 	Entry: D:\Eclipse\Eclipse\Setup\eclipse\plugins\org.eclipse.m2e.maven.runtime_3.8.701.20230209-1606\jars\maven-resolver-spi-1.6.3.jar
2024-02-11 10:48:23,370 [Worker-11: Launching parking_at_tips] INFO  o.eclipse.m2e.core.internal.Bundles - 	Entry: D:\Eclipse\Eclipse\Setup\eclipse\plugins\org.eclipse.m2e.maven.runtime_3.8.701.20230209-1606\jars\maven-resolver-transport-wagon-1.6.3.jar
2024-02-11 10:48:23,370 [Worker-11: Launching parking_at_tips] INFO  o.eclipse.m2e.core.internal.Bundles - 	Entry: D:\Eclipse\Eclipse\Setup\eclipse\plugins\org.eclipse.m2e.maven.runtime_3.8.701.20230209-1606\jars\maven-resolver-util-1.6.3.jar
2024-02-11 10:48:23,370 [Worker-11: Launching parking_at_tips] INFO  o.eclipse.m2e.core.internal.Bundles - 	Entry: D:\Eclipse\Eclipse\Setup\eclipse\plugins\org.eclipse.m2e.maven.runtime_3.8.701.20230209-1606\jars\maven-settings-3.8.7.jar
2024-02-11 10:48:23,371 [Worker-11: Launching parking_at_tips] INFO  o.eclipse.m2e.core.internal.Bundles - 	Entry: D:\Eclipse\Eclipse\Setup\eclipse\plugins\org.eclipse.m2e.maven.runtime_3.8.701.20230209-1606\jars\maven-settings-builder-3.8.7.jar
2024-02-11 10:48:23,371 [Worker-11: Launching parking_at_tips] INFO  o.eclipse.m2e.core.internal.Bundles - 	Entry: D:\Eclipse\Eclipse\Setup\eclipse\plugins\org.eclipse.m2e.maven.runtime_3.8.701.20230209-1606\jars\maven-shared-utils-3.3.4.jar
2024-02-11 10:48:23,371 [Worker-11: Launching parking_at_tips] INFO  o.eclipse.m2e.core.internal.Bundles - 	Entry: D:\Eclipse\Eclipse\Setup\eclipse\plugins\org.eclipse.m2e.maven.runtime_3.8.701.20230209-1606\jars\okhttp-3.14.1.jar
2024-02-11 10:48:23,371 [Worker-11: Launching parking_at_tips] INFO  o.eclipse.m2e.core.internal.Bundles - 	Entry: D:\Eclipse\Eclipse\Setup\eclipse\plugins\org.eclipse.m2e.maven.runtime_3.8.701.20230209-1606\jars\okio-1.17.3.jar
2024-02-11 10:48:23,371 [Worker-11: Launching parking_at_tips] INFO  o.eclipse.m2e.core.internal.Bundles - 	Entry: D:\Eclipse\Eclipse\Setup\eclipse\plugins\org.eclipse.m2e.maven.runtime_3.8.701.20230209-1606\jars\org.eclipse.sisu.inject-0.3.5.jar
2024-02-11 10:48:23,371 [Worker-11: Launching parking_at_tips] INFO  o.eclipse.m2e.core.internal.Bundles - 	Entry: D:\Eclipse\Eclipse\Setup\eclipse\plugins\org.eclipse.m2e.maven.runtime_3.8.701.20230209-1606\jars\org.eclipse.sisu.plexus-0.3.5.jar
2024-02-11 10:48:23,371 [Worker-11: Launching parking_at_tips] INFO  o.eclipse.m2e.core.internal.Bundles - 	Entry: D:\Eclipse\Eclipse\Setup\eclipse\plugins\org.eclipse.m2e.maven.runtime_3.8.701.20230209-1606\jars\plexus-build-api-0.0.7.jar
2024-02-11 10:48:23,371 [Worker-11: Launching parking_at_tips] INFO  o.eclipse.m2e.core.internal.Bundles - 	Entry: D:\Eclipse\Eclipse\Setup\eclipse\plugins\org.eclipse.m2e.maven.runtime_3.8.701.20230209-1606\jars\plexus-cipher-2.0.jar
2024-02-11 10:48:23,371 [Worker-11: Launching parking_at_tips] INFO  o.eclipse.m2e.core.internal.Bundles - 	Entry: D:\Eclipse\Eclipse\Setup\eclipse\plugins\org.eclipse.m2e.maven.runtime_3.8.701.20230209-1606\jars\plexus-classworlds-2.6.0.jar
2024-02-11 10:48:23,372 [Worker-11: Launching parking_at_tips] INFO  o.eclipse.m2e.core.internal.Bundles - 	Entry: D:\Eclipse\Eclipse\Setup\eclipse\plugins\org.eclipse.m2e.maven.runtime_3.8.701.20230209-1606\jars\plexus-component-annotations-2.1.0.jar
2024-02-11 10:48:23,372 [Worker-11: Launching parking_at_tips] INFO  o.eclipse.m2e.core.internal.Bundles - 	Entry: D:\Eclipse\Eclipse\Setup\eclipse\plugins\org.eclipse.m2e.maven.runtime_3.8.701.20230209-1606\jars\plexus-interpolation-1.26.jar
2024-02-11 10:48:23,372 [Worker-11: Launching parking_at_tips] INFO  o.eclipse.m2e.core.internal.Bundles - 	Entry: D:\Eclipse\Eclipse\Setup\eclipse\plugins\org.eclipse.m2e.maven.runtime_3.8.701.20230209-1606\jars\plexus-sec-dispatcher-2.0.jar
2024-02-11 10:48:23,372 [Worker-11: Launching parking_at_tips] INFO  o.eclipse.m2e.core.internal.Bundles - 	Entry: D:\Eclipse\Eclipse\Setup\eclipse\plugins\org.eclipse.m2e.maven.runtime_3.8.701.20230209-1606\jars\plexus-utils-3.3.1.jar
2024-02-11 10:48:23,372 [Worker-11: Launching parking_at_tips] INFO  o.eclipse.m2e.core.internal.Bundles - 	Entry: D:\Eclipse\Eclipse\Setup\eclipse\plugins\org.eclipse.m2e.maven.runtime_3.8.701.20230209-1606\jars\wagon-file-3.5.3.jar
2024-02-11 10:48:23,372 [Worker-11: Launching parking_at_tips] INFO  o.eclipse.m2e.core.internal.Bundles - 	Entry: D:\Eclipse\Eclipse\Setup\eclipse\plugins\org.eclipse.m2e.maven.runtime_3.8.701.20230209-1606\jars\wagon-provider-api-3.5.3.jar
2024-02-11 10:48:23,374 [Worker-11: Launching parking_at_tips] INFO  o.eclipse.m2e.core.internal.Bundles - getClasspathEntries(Bundle=com.google.guava_31.1.0.jre [11])
2024-02-11 10:48:23,375 [Worker-11: Launching parking_at_tips] INFO  o.eclipse.m2e.core.internal.Bundles - 	Entry: D:\Eclipse\Eclipse\Setup\eclipse\plugins\com.google.guava_31.1.0.jre.jar
2024-02-11 10:48:23,375 [Worker-11: Launching parking_at_tips] INFO  o.eclipse.m2e.core.internal.Bundles - getClasspathEntries(Bundle=slf4j.api_1.7.36 [924])
2024-02-11 10:48:23,376 [Worker-11: Launching parking_at_tips] INFO  o.eclipse.m2e.core.internal.Bundles - 	Entry: D:\Eclipse\Eclipse\Setup\eclipse\plugins\slf4j.api_1.7.36.jar
2024-02-11 10:48:23,376 [Worker-11: Launching parking_at_tips] INFO  o.eclipse.m2e.core.internal.Bundles - getClasspathEntries(Bundle=javax.inject_1.0.0.v20220405-0441 [35])
2024-02-11 10:48:23,377 [Worker-11: Launching parking_at_tips] INFO  o.eclipse.m2e.core.internal.Bundles - 	Entry: D:\Eclipse\Eclipse\Setup\eclipse\plugins\javax.inject_1.0.0.v20220405-0441.jar
2024-02-11 10:48:23,378 [Worker-11: Launching parking_at_tips] INFO  o.eclipse.m2e.core.internal.Bundles - getClasspathEntries(Bundle=javax.annotation_1.3.5.v20221203-1659 [33])
2024-02-11 10:48:23,379 [Worker-11: Launching parking_at_tips] INFO  o.eclipse.m2e.core.internal.Bundles - 	Entry: D:\Eclipse\Eclipse\Setup\eclipse\plugins\javax.annotation_1.3.5.v20221203-1659.jar
2024-02-11 10:48:23,379 [Worker-11: Launching parking_at_tips] INFO  o.eclipse.m2e.core.internal.Bundles - getClasspathEntries(Bundle=org.apache.commons.cli_1.4.0.v20221112-0806 [67])
2024-02-11 10:48:23,381 [Worker-11: Launching parking_at_tips] INFO  o.eclipse.m2e.core.internal.Bundles - 	Entry: D:\Eclipse\Eclipse\Setup\eclipse\plugins\org.apache.commons.cli_1.4.0.v20221112-0806.jar
2024-02-11 10:48:23,382 [Worker-11: Launching parking_at_tips] INFO  o.eclipse.m2e.core.internal.Bundles - getClasspathEntries(Bundle=com.google.guava.failureaccess_1.0.1 [13])
2024-02-11 10:48:23,383 [Worker-11: Launching parking_at_tips] INFO  o.eclipse.m2e.core.internal.Bundles - 	Entry: D:\Eclipse\Eclipse\Setup\eclipse\plugins\com.google.guava.failureaccess_1.0.1.jar
2024-02-11 10:48:23,387 [Worker-11: Launching parking_at_tips] INFO  o.e.m.i.launch.MavenLaunchDelegate - Run build in "D:\project\parking_at_tips\parking_at_tips":
2024-02-11 10:48:23,394 [Worker-11: Launching parking_at_tips] INFO  o.e.m.i.launch.MavenLaunchDelegate -  mvn  -B -Dstyle.color=always install
2024-02-11 10:51:55,183 [Worker-11: Updating Maven Project] INFO  o.e.m.c.i.p.ProjectConfigurationManager - Update started
2024-02-11 10:51:56,210 [Worker-11: Updating Maven Project] INFO  o.e.m.c.i.l.LifecycleMappingFactory - Using org.eclipse.m2e.jdt.JarLifecycleMapping lifecycle mapping for MavenProject: parking_at_tips:parking_at_tips:0.0.1-SNAPSHOT @ D:\project\parking_at_tips\parking_at_tips\pom.xml.
2024-02-11 10:51:58,382 [Worker-18: Download sources and javadoc] INFO  o.e.m.c.i.e.AbstractTransferListenerAdapter - Downloading https://repo.maven.apache.org/maven2/org/springframework/boot/spring-boot-starter-web/2.7.1/spring-boot-starter-web-2.7.1-sources.jar
2024-02-11 10:51:58,466 [Worker-18: Download sources and javadoc] INFO  o.e.m.c.i.e.AbstractTransferListenerAdapter - Downloaded https://repo.maven.apache.org/maven2/org/springframework/boot/spring-boot-starter-web/2.7.1/spring-boot-starter-web-2.7.1-sources.jar
2024-02-11 10:51:58,472 [Worker-18: Download sources and javadoc] INFO  o.e.m.j.internal.DownloadSourcesJob - Downloaded sources for org.springframework.boot:spring-boot-starter-web:2.7.1
2024-02-11 10:51:58,604 [Worker-18: Download sources and javadoc] INFO  o.e.m.c.i.e.AbstractTransferListenerAdapter - Downloading https://repo.maven.apache.org/maven2/org/springframework/boot/spring-boot-starter/2.7.1/spring-boot-starter-2.7.1-sources.jar
2024-02-11 10:51:58,693 [Worker-18: Download sources and javadoc] INFO  o.e.m.c.i.e.AbstractTransferListenerAdapter - Downloaded https://repo.maven.apache.org/maven2/org/springframework/boot/spring-boot-starter/2.7.1/spring-boot-starter-2.7.1-sources.jar
2024-02-11 10:51:58,696 [Worker-18: Download sources and javadoc] INFO  o.e.m.j.internal.DownloadSourcesJob - Downloaded sources for org.springframework.boot:spring-boot-starter:2.7.1
2024-02-11 10:51:58,813 [Worker-18: Download sources and javadoc] INFO  o.e.m.c.i.e.AbstractTransferListenerAdapter - Downloading https://repo.maven.apache.org/maven2/org/springframework/boot/spring-boot-starter-logging/2.7.1/spring-boot-starter-logging-2.7.1-sources.jar
2024-02-11 10:51:58,925 [Worker-18: Download sources and javadoc] INFO  o.e.m.c.i.e.AbstractTransferListenerAdapter - Downloaded https://repo.maven.apache.org/maven2/org/springframework/boot/spring-boot-starter-logging/2.7.1/spring-boot-starter-logging-2.7.1-sources.jar
2024-02-11 10:51:58,929 [Worker-18: Download sources and javadoc] INFO  o.e.m.j.internal.DownloadSourcesJob - Downloaded sources for org.springframework.boot:spring-boot-starter-logging:2.7.1
2024-02-11 10:51:59,088 [Worker-18: Download sources and javadoc] INFO  o.e.m.c.i.e.AbstractTransferListenerAdapter - Downloading https://repo.maven.apache.org/maven2/org/springframework/boot/spring-boot-starter-json/2.7.1/spring-boot-starter-json-2.7.1-sources.jar
2024-02-11 10:51:59,488 [Worker-11: Updating Maven Project] INFO  o.e.m.j.i.AbstractJavaProjectConfigurator - Adding source folder /parking_at_tips/src/main/java
2024-02-11 10:51:59,489 [Worker-11: Updating Maven Project] INFO  o.e.m.j.i.AbstractJavaProjectConfigurator - Adding resource folder /parking_at_tips/src/main/resources
2024-02-11 10:51:59,502 [Worker-11: Updating Maven Project] INFO  o.e.m.j.i.AbstractJavaProjectConfigurator - Adding resource folder /parking_at_tips/src/main/resources
2024-02-11 10:51:59,514 [Worker-18: Download sources and javadoc] INFO  o.e.m.c.i.e.AbstractTransferListenerAdapter - Downloaded https://repo.maven.apache.org/maven2/org/springframework/boot/spring-boot-starter-json/2.7.1/spring-boot-starter-json-2.7.1-sources.jar
2024-02-11 10:51:59,518 [Worker-18: Download sources and javadoc] INFO  o.e.m.j.internal.DownloadSourcesJob - Downloaded sources for org.springframework.boot:spring-boot-starter-json:2.7.1
2024-02-11 10:51:59,532 [Worker-11: Updating Maven Project] INFO  o.e.m.j.i.AbstractJavaProjectConfigurator - Adding source folder /parking_at_tips/src/test/java
2024-02-11 10:51:59,534 [Worker-11: Updating Maven Project] INFO  o.e.m.j.i.AbstractJavaProjectConfigurator - Adding resource folder /parking_at_tips/src/test/resources
2024-02-11 10:51:59,689 [Worker-18: Download sources and javadoc] INFO  o.e.m.c.i.e.AbstractTransferListenerAdapter - Downloading https://repo.maven.apache.org/maven2/org/springframework/boot/spring-boot-starter-tomcat/2.7.1/spring-boot-starter-tomcat-2.7.1-sources.jar
2024-02-11 10:51:59,875 [Worker-18: Download sources and javadoc] INFO  o.e.m.c.i.e.AbstractTransferListenerAdapter - Downloaded https://repo.maven.apache.org/maven2/org/springframework/boot/spring-boot-starter-tomcat/2.7.1/spring-boot-starter-tomcat-2.7.1-sources.jar
2024-02-11 10:51:59,879 [Worker-18: Download sources and javadoc] INFO  o.e.m.j.internal.DownloadSourcesJob - Downloaded sources for org.springframework.boot:spring-boot-starter-tomcat:2.7.1
2024-02-11 10:52:00,091 [Worker-18: Download sources and javadoc] INFO  o.e.m.c.i.e.AbstractTransferListenerAdapter - Downloading https://repo.maven.apache.org/maven2/org/apache/tomcat/embed/tomcat-embed-websocket/9.0.64/tomcat-embed-websocket-9.0.64-sources.jar
2024-02-11 10:52:00,317 [Worker-18: Download sources and javadoc] INFO  o.e.m.c.i.e.AbstractTransferListenerAdapter - Downloaded https://repo.maven.apache.org/maven2/org/apache/tomcat/embed/tomcat-embed-websocket/9.0.64/tomcat-embed-websocket-9.0.64-sources.jar
2024-02-11 10:52:00,320 [Worker-18: Download sources and javadoc] INFO  o.e.m.j.internal.DownloadSourcesJob - Downloaded sources for org.apache.tomcat.embed:tomcat-embed-websocket:9.0.64
2024-02-11 10:52:00,419 [Worker-18: Download sources and javadoc] INFO  o.e.m.c.i.e.AbstractTransferListenerAdapter - Downloading https://repo.maven.apache.org/maven2/org/springframework/spring-web/5.3.21/spring-web-5.3.21-sources.jar
2024-02-11 10:52:01,090 [Worker-11: Updating Maven Project] INFO  o.e.m.c.i.p.ProjectConfigurationManager - Update completed for 1 poms: local refresh takes 0.00 sec, refresh facades takes 3.00 sec, update config takes 2.00 sec 
2024-02-11 10:52:01,093 [Worker-19: Updating Maven Project] INFO  o.e.m.c.i.p.ProjectConfigurationManager - Update started
2024-02-11 10:52:02,533 [Worker-19: Updating Maven Project] INFO  o.e.m.c.i.l.LifecycleMappingFactory - Using org.eclipse.m2e.jdt.JarLifecycleMapping lifecycle mapping for MavenProject: parking_at_tips:parking_at_tips:0.0.1-SNAPSHOT @ D:\project\parking_at_tips\parking_at_tips\pom.xml.
2024-02-11 10:52:07,824 [Worker-19: Updating Maven Project] INFO  o.e.m.j.i.AbstractJavaProjectConfigurator - Adding source folder /parking_at_tips/src/main/java
2024-02-11 10:52:07,825 [Worker-19: Updating Maven Project] INFO  o.e.m.j.i.AbstractJavaProjectConfigurator - Adding resource folder /parking_at_tips/src/main/resources
2024-02-11 10:52:07,825 [Worker-19: Updating Maven Project] INFO  o.e.m.j.i.AbstractJavaProjectConfigurator - Adding resource folder /parking_at_tips/src/main/resources
2024-02-11 10:52:07,826 [Worker-19: Updating Maven Project] INFO  o.e.m.j.i.AbstractJavaProjectConfigurator - Adding source folder /parking_at_tips/src/test/java
2024-02-11 10:52:07,826 [Worker-19: Updating Maven Project] INFO  o.e.m.j.i.AbstractJavaProjectConfigurator - Adding resource folder /parking_at_tips/src/test/resources
2024-02-11 10:52:08,425 [Worker-19: Updating Maven Project] INFO  o.e.m.c.i.p.ProjectConfigurationManager - Update completed for 1 poms: local refresh takes 0.00 sec, refresh facades takes 6.00 sec, update config takes 0.00 sec 
2024-02-11 10:52:09,620 [Worker-18: Download sources and javadoc] INFO  o.e.m.c.i.e.AbstractTransferListenerAdapter - Downloaded https://repo.maven.apache.org/maven2/org/springframework/spring-web/5.3.21/spring-web-5.3.21-sources.jar
2024-02-11 10:52:09,624 [Worker-18: Download sources and javadoc] INFO  o.e.m.j.internal.DownloadSourcesJob - Downloaded sources for org.springframework:spring-web:5.3.21
2024-02-11 10:52:09,769 [Worker-18: Download sources and javadoc] INFO  o.e.m.c.i.e.AbstractTransferListenerAdapter - Downloading https://repo.maven.apache.org/maven2/org/springframework/spring-beans/5.3.21/spring-beans-5.3.21-sources.jar
2024-02-11 10:52:10,150 [Worker-18: Download sources and javadoc] INFO  o.e.m.c.i.e.AbstractTransferListenerAdapter - Downloaded https://repo.maven.apache.org/maven2/org/springframework/spring-beans/5.3.21/spring-beans-5.3.21-sources.jar
2024-02-11 10:52:10,154 [Worker-18: Download sources and javadoc] INFO  o.e.m.j.internal.DownloadSourcesJob - Downloaded sources for org.springframework:spring-beans:5.3.21
2024-02-11 10:52:10,271 [Worker-18: Download sources and javadoc] INFO  o.e.m.c.i.e.AbstractTransferListenerAdapter - Downloading https://repo.maven.apache.org/maven2/org/springframework/spring-webmvc/5.3.21/spring-webmvc-5.3.21-sources.jar
2024-02-11 10:52:10,670 [Worker-18: Download sources and javadoc] INFO  o.e.m.c.i.e.AbstractTransferListenerAdapter - Downloaded https://repo.maven.apache.org/maven2/org/springframework/spring-webmvc/5.3.21/spring-webmvc-5.3.21-sources.jar
2024-02-11 10:52:10,673 [Worker-18: Download sources and javadoc] INFO  o.e.m.j.internal.DownloadSourcesJob - Downloaded sources for org.springframework:spring-webmvc:5.3.21
2024-02-11 10:52:10,783 [Worker-18: Download sources and javadoc] INFO  o.e.m.c.i.e.AbstractTransferListenerAdapter - Downloading https://repo.maven.apache.org/maven2/org/springframework/spring-aop/5.3.21/spring-aop-5.3.21-sources.jar
2024-02-11 10:52:10,991 [Worker-18: Download sources and javadoc] INFO  o.e.m.c.i.e.AbstractTransferListenerAdapter - Downloaded https://repo.maven.apache.org/maven2/org/springframework/spring-aop/5.3.21/spring-aop-5.3.21-sources.jar
2024-02-11 10:52:10,995 [Worker-18: Download sources and javadoc] INFO  o.e.m.j.internal.DownloadSourcesJob - Downloaded sources for org.springframework:spring-aop:5.3.21
2024-02-11 10:52:11,106 [Worker-18: Download sources and javadoc] INFO  o.e.m.c.i.e.AbstractTransferListenerAdapter - Downloading https://repo.maven.apache.org/maven2/org/springframework/spring-context/5.3.21/spring-context-5.3.21-sources.jar
2024-02-11 10:52:11,446 [Worker-18: Download sources and javadoc] INFO  o.e.m.c.i.e.AbstractTransferListenerAdapter - Downloaded https://repo.maven.apache.org/maven2/org/springframework/spring-context/5.3.21/spring-context-5.3.21-sources.jar
2024-02-11 10:52:11,450 [Worker-18: Download sources and javadoc] INFO  o.e.m.j.internal.DownloadSourcesJob - Downloaded sources for org.springframework:spring-context:5.3.21
2024-02-11 10:52:11,553 [Worker-18: Download sources and javadoc] INFO  o.e.m.c.i.e.AbstractTransferListenerAdapter - Downloading https://repo.maven.apache.org/maven2/org/springframework/spring-expression/5.3.21/spring-expression-5.3.21-sources.jar
2024-02-11 10:52:11,703 [Worker-18: Download sources and javadoc] INFO  o.e.m.c.i.e.AbstractTransferListenerAdapter - Downloaded https://repo.maven.apache.org/maven2/org/springframework/spring-expression/5.3.21/spring-expression-5.3.21-sources.jar
2024-02-11 10:52:11,707 [Worker-18: Download sources and javadoc] INFO  o.e.m.j.internal.DownloadSourcesJob - Downloaded sources for org.springframework:spring-expression:5.3.21
2024-02-11 10:52:11,822 [Worker-18: Download sources and javadoc] INFO  o.e.m.c.i.e.AbstractTransferListenerAdapter - Downloading https://repo.maven.apache.org/maven2/org/springframework/boot/spring-boot-starter-data-jpa/2.7.1/spring-boot-starter-data-jpa-2.7.1-sources.jar
2024-02-11 10:52:11,928 [Worker-18: Download sources and javadoc] INFO  o.e.m.c.i.e.AbstractTransferListenerAdapter - Downloaded https://repo.maven.apache.org/maven2/org/springframework/boot/spring-boot-starter-data-jpa/2.7.1/spring-boot-starter-data-jpa-2.7.1-sources.jar
2024-02-11 10:52:11,932 [Worker-18: Download sources and javadoc] INFO  o.e.m.j.internal.DownloadSourcesJob - Downloaded sources for org.springframework.boot:spring-boot-starter-data-jpa:2.7.1
2024-02-11 10:52:12,044 [Worker-18: Download sources and javadoc] INFO  o.e.m.c.i.e.AbstractTransferListenerAdapter - Downloading https://repo.maven.apache.org/maven2/org/springframework/boot/spring-boot-starter-aop/2.7.1/spring-boot-starter-aop-2.7.1-sources.jar
2024-02-11 10:52:12,165 [Worker-18: Download sources and javadoc] INFO  o.e.m.c.i.e.AbstractTransferListenerAdapter - Downloaded https://repo.maven.apache.org/maven2/org/springframework/boot/spring-boot-starter-aop/2.7.1/spring-boot-starter-aop-2.7.1-sources.jar
2024-02-11 10:52:12,170 [Worker-18: Download sources and javadoc] INFO  o.e.m.j.internal.DownloadSourcesJob - Downloaded sources for org.springframework.boot:spring-boot-starter-aop:2.7.1
2024-02-11 10:52:12,268 [Worker-18: Download sources and javadoc] INFO  o.e.m.c.i.e.AbstractTransferListenerAdapter - Downloading https://repo.maven.apache.org/maven2/org/springframework/boot/spring-boot-starter-jdbc/2.7.1/spring-boot-starter-jdbc-2.7.1-sources.jar
2024-02-11 10:52:12,351 [Worker-18: Download sources and javadoc] INFO  o.e.m.c.i.e.AbstractTransferListenerAdapter - Downloaded https://repo.maven.apache.org/maven2/org/springframework/boot/spring-boot-starter-jdbc/2.7.1/spring-boot-starter-jdbc-2.7.1-sources.jar
2024-02-11 10:52:12,354 [Worker-18: Download sources and javadoc] INFO  o.e.m.j.internal.DownloadSourcesJob - Downloaded sources for org.springframework.boot:spring-boot-starter-jdbc:2.7.1
2024-02-11 10:52:12,497 [Worker-18: Download sources and javadoc] INFO  o.e.m.c.i.e.AbstractTransferListenerAdapter - Downloading https://repo.maven.apache.org/maven2/org/springframework/spring-jdbc/5.3.21/spring-jdbc-5.3.21-sources.jar
2024-02-11 10:52:12,730 [Worker-18: Download sources and javadoc] INFO  o.e.m.c.i.e.AbstractTransferListenerAdapter - Downloaded https://repo.maven.apache.org/maven2/org/springframework/spring-jdbc/5.3.21/spring-jdbc-5.3.21-sources.jar
2024-02-11 10:52:12,734 [Worker-18: Download sources and javadoc] INFO  o.e.m.j.internal.DownloadSourcesJob - Downloaded sources for org.springframework:spring-jdbc:5.3.21
2024-02-11 10:52:12,839 [Worker-18: Download sources and javadoc] INFO  o.e.m.c.i.e.AbstractTransferListenerAdapter - Downloading https://repo.maven.apache.org/maven2/org/hibernate/hibernate-core/5.6.9.Final/hibernate-core-5.6.9.Final-sources.jar
2024-02-11 10:52:14,338 [Worker-18: Download sources and javadoc] INFO  o.e.m.c.i.e.AbstractTransferListenerAdapter - Downloaded https://repo.maven.apache.org/maven2/org/hibernate/hibernate-core/5.6.9.Final/hibernate-core-5.6.9.Final-sources.jar
2024-02-11 10:52:14,343 [Worker-18: Download sources and javadoc] INFO  o.e.m.j.internal.DownloadSourcesJob - Downloaded sources for org.hibernate:hibernate-core:5.6.9.Final
2024-02-11 10:52:14,449 [Worker-18: Download sources and javadoc] INFO  o.e.m.c.i.e.AbstractTransferListenerAdapter - Downloading https://repo.maven.apache.org/maven2/net/bytebuddy/byte-buddy/1.12.11/byte-buddy-1.12.11-sources.jar
2024-02-11 10:52:15,027 [Worker-18: Download sources and javadoc] INFO  o.e.m.c.i.e.AbstractTransferListenerAdapter - Downloaded https://repo.maven.apache.org/maven2/net/bytebuddy/byte-buddy/1.12.11/byte-buddy-1.12.11-sources.jar
2024-02-11 10:52:15,031 [Worker-18: Download sources and javadoc] INFO  o.e.m.j.internal.DownloadSourcesJob - Downloaded sources for net.bytebuddy:byte-buddy:1.12.11
2024-02-11 10:52:15,135 [Worker-18: Download sources and javadoc] INFO  o.e.m.c.i.e.AbstractTransferListenerAdapter - Downloading https://repo.maven.apache.org/maven2/org/springframework/data/spring-data-jpa/2.7.1/spring-data-jpa-2.7.1-sources.jar
2024-02-11 10:52:15,320 [Worker-18: Download sources and javadoc] INFO  o.e.m.c.i.e.AbstractTransferListenerAdapter - Downloaded https://repo.maven.apache.org/maven2/org/springframework/data/spring-data-jpa/2.7.1/spring-data-jpa-2.7.1-sources.jar
2024-02-11 10:52:15,323 [Worker-18: Download sources and javadoc] INFO  o.e.m.j.internal.DownloadSourcesJob - Downloaded sources for org.springframework.data:spring-data-jpa:2.7.1
2024-02-11 10:52:15,427 [Worker-18: Download sources and javadoc] INFO  o.e.m.c.i.e.AbstractTransferListenerAdapter - Downloading https://repo.maven.apache.org/maven2/org/springframework/data/spring-data-commons/2.7.1/spring-data-commons-2.7.1-sources.jar
2024-02-11 10:52:15,729 [Worker-18: Download sources and javadoc] INFO  o.e.m.c.i.e.AbstractTransferListenerAdapter - Downloaded https://repo.maven.apache.org/maven2/org/springframework/data/spring-data-commons/2.7.1/spring-data-commons-2.7.1-sources.jar
2024-02-11 10:52:15,732 [Worker-18: Download sources and javadoc] INFO  o.e.m.j.internal.DownloadSourcesJob - Downloaded sources for org.springframework.data:spring-data-commons:2.7.1
2024-02-11 10:52:15,865 [Worker-18: Download sources and javadoc] INFO  o.e.m.c.i.e.AbstractTransferListenerAdapter - Downloading https://repo.maven.apache.org/maven2/org/springframework/spring-orm/5.3.21/spring-orm-5.3.21-sources.jar
2024-02-11 10:52:16,033 [Worker-18: Download sources and javadoc] INFO  o.e.m.c.i.e.AbstractTransferListenerAdapter - Downloaded https://repo.maven.apache.org/maven2/org/springframework/spring-orm/5.3.21/spring-orm-5.3.21-sources.jar
2024-02-11 10:52:16,036 [Worker-18: Download sources and javadoc] INFO  o.e.m.j.internal.DownloadSourcesJob - Downloaded sources for org.springframework:spring-orm:5.3.21
2024-02-11 10:52:16,129 [Worker-18: Download sources and javadoc] INFO  o.e.m.c.i.e.AbstractTransferListenerAdapter - Downloading https://repo.maven.apache.org/maven2/org/springframework/spring-tx/5.3.21/spring-tx-5.3.21-sources.jar
2024-02-11 10:52:16,333 [Worker-18: Download sources and javadoc] INFO  o.e.m.c.i.e.AbstractTransferListenerAdapter - Downloaded https://repo.maven.apache.org/maven2/org/springframework/spring-tx/5.3.21/spring-tx-5.3.21-sources.jar
2024-02-11 10:52:16,337 [Worker-18: Download sources and javadoc] INFO  o.e.m.j.internal.DownloadSourcesJob - Downloaded sources for org.springframework:spring-tx:5.3.21
2024-02-11 10:52:16,430 [Worker-18: Download sources and javadoc] INFO  o.e.m.c.i.e.AbstractTransferListenerAdapter - Downloading https://repo.maven.apache.org/maven2/org/springframework/spring-aspects/5.3.21/spring-aspects-5.3.21-sources.jar
2024-02-11 10:52:16,782 [Worker-18: Download sources and javadoc] INFO  o.e.m.c.i.e.AbstractTransferListenerAdapter - Downloaded https://repo.maven.apache.org/maven2/org/springframework/spring-aspects/5.3.21/spring-aspects-5.3.21-sources.jar
2024-02-11 10:52:16,785 [Worker-18: Download sources and javadoc] INFO  o.e.m.j.internal.DownloadSourcesJob - Downloaded sources for org.springframework:spring-aspects:5.3.21
2024-02-11 10:52:16,887 [Worker-18: Download sources and javadoc] INFO  o.e.m.c.i.e.AbstractTransferListenerAdapter - Downloading https://repo.maven.apache.org/maven2/org/springframework/boot/spring-boot-devtools/2.7.1/spring-boot-devtools-2.7.1-sources.jar
2024-02-11 10:52:17,024 [Worker-18: Download sources and javadoc] INFO  o.e.m.c.i.e.AbstractTransferListenerAdapter - Downloaded https://repo.maven.apache.org/maven2/org/springframework/boot/spring-boot-devtools/2.7.1/spring-boot-devtools-2.7.1-sources.jar
2024-02-11 10:52:17,028 [Worker-18: Download sources and javadoc] INFO  o.e.m.j.internal.DownloadSourcesJob - Downloaded sources for org.springframework.boot:spring-boot-devtools:2.7.1
2024-02-11 10:52:17,129 [Worker-18: Download sources and javadoc] INFO  o.e.m.c.i.e.AbstractTransferListenerAdapter - Downloading https://repo.maven.apache.org/maven2/org/springframework/boot/spring-boot/2.7.1/spring-boot-2.7.1-sources.jar
2024-02-11 10:52:17,478 [Worker-18: Download sources and javadoc] INFO  o.e.m.c.i.e.AbstractTransferListenerAdapter - Downloaded https://repo.maven.apache.org/maven2/org/springframework/boot/spring-boot/2.7.1/spring-boot-2.7.1-sources.jar
2024-02-11 10:52:17,482 [Worker-18: Download sources and javadoc] INFO  o.e.m.j.internal.DownloadSourcesJob - Downloaded sources for org.springframework.boot:spring-boot:2.7.1
2024-02-11 10:52:17,588 [Worker-18: Download sources and javadoc] INFO  o.e.m.c.i.e.AbstractTransferListenerAdapter - Downloading https://repo.maven.apache.org/maven2/org/springframework/boot/spring-boot-autoconfigure/2.7.1/spring-boot-autoconfigure-2.7.1-sources.jar
2024-02-11 10:52:18,045 [Worker-18: Download sources and javadoc] INFO  o.e.m.c.i.e.AbstractTransferListenerAdapter - Downloaded https://repo.maven.apache.org/maven2/org/springframework/boot/spring-boot-autoconfigure/2.7.1/spring-boot-autoconfigure-2.7.1-sources.jar
2024-02-11 10:52:18,049 [Worker-18: Download sources and javadoc] INFO  o.e.m.j.internal.DownloadSourcesJob - Downloaded sources for org.springframework.boot:spring-boot-autoconfigure:2.7.1
2024-02-11 10:52:18,139 [Worker-18: Download sources and javadoc] INFO  o.e.m.c.i.e.AbstractTransferListenerAdapter - Downloading https://repo.maven.apache.org/maven2/org/apache/tomcat/embed/tomcat-embed-jasper/9.0.64/tomcat-embed-jasper-9.0.64-sources.jar
2024-02-11 10:52:18,366 [Worker-18: Download sources and javadoc] INFO  o.e.m.c.i.e.AbstractTransferListenerAdapter - Downloaded https://repo.maven.apache.org/maven2/org/apache/tomcat/embed/tomcat-embed-jasper/9.0.64/tomcat-embed-jasper-9.0.64-sources.jar
2024-02-11 10:52:18,370 [Worker-18: Download sources and javadoc] INFO  o.e.m.j.internal.DownloadSourcesJob - Downloaded sources for org.apache.tomcat.embed:tomcat-embed-jasper:9.0.64
2024-02-11 10:52:18,495 [Worker-18: Download sources and javadoc] INFO  o.e.m.c.i.e.AbstractTransferListenerAdapter - Downloading https://repo.maven.apache.org/maven2/org/apache/tomcat/embed/tomcat-embed-core/9.0.64/tomcat-embed-core-9.0.64-sources.jar
2024-02-11 10:52:19,291 [Worker-18: Download sources and javadoc] INFO  o.e.m.c.i.e.AbstractTransferListenerAdapter - Downloaded https://repo.maven.apache.org/maven2/org/apache/tomcat/embed/tomcat-embed-core/9.0.64/tomcat-embed-core-9.0.64-sources.jar
2024-02-11 10:52:19,295 [Worker-18: Download sources and javadoc] INFO  o.e.m.j.internal.DownloadSourcesJob - Downloaded sources for org.apache.tomcat.embed:tomcat-embed-core:9.0.64
2024-02-11 10:52:19,396 [Worker-18: Download sources and javadoc] INFO  o.e.m.c.i.e.AbstractTransferListenerAdapter - Downloading https://repo.maven.apache.org/maven2/org/apache/tomcat/tomcat-annotations-api/9.0.64/tomcat-annotations-api-9.0.64-sources.jar
2024-02-11 10:52:19,640 [Worker-18: Download sources and javadoc] INFO  o.e.m.c.i.e.AbstractTransferListenerAdapter - Downloaded https://repo.maven.apache.org/maven2/org/apache/tomcat/tomcat-annotations-api/9.0.64/tomcat-annotations-api-9.0.64-sources.jar
2024-02-11 10:52:19,644 [Worker-18: Download sources and javadoc] INFO  o.e.m.j.internal.DownloadSourcesJob - Downloaded sources for org.apache.tomcat:tomcat-annotations-api:9.0.64
2024-02-11 10:52:19,744 [Worker-18: Download sources and javadoc] INFO  o.e.m.c.i.e.AbstractTransferListenerAdapter - Downloading https://repo.maven.apache.org/maven2/org/apache/tomcat/embed/tomcat-embed-el/9.0.64/tomcat-embed-el-9.0.64-sources.jar
2024-02-11 10:52:19,887 [Worker-18: Download sources and javadoc] INFO  o.e.m.c.i.e.AbstractTransferListenerAdapter - Downloaded https://repo.maven.apache.org/maven2/org/apache/tomcat/embed/tomcat-embed-el/9.0.64/tomcat-embed-el-9.0.64-sources.jar
2024-02-11 10:52:19,893 [Worker-18: Download sources and javadoc] INFO  o.e.m.j.internal.DownloadSourcesJob - Downloaded sources for org.apache.tomcat.embed:tomcat-embed-el:9.0.64
2024-02-11 10:52:19,984 [Worker-18: Download sources and javadoc] INFO  o.e.m.c.i.e.AbstractTransferListenerAdapter - Downloading https://repo.maven.apache.org/maven2/org/springframework/boot/spring-boot-starter-test/2.7.1/spring-boot-starter-test-2.7.1-sources.jar
2024-02-11 10:52:20,058 [Worker-18: Download sources and javadoc] INFO  o.e.m.c.i.e.AbstractTransferListenerAdapter - Downloaded https://repo.maven.apache.org/maven2/org/springframework/boot/spring-boot-starter-test/2.7.1/spring-boot-starter-test-2.7.1-sources.jar
2024-02-11 10:52:20,062 [Worker-18: Download sources and javadoc] INFO  o.e.m.j.internal.DownloadSourcesJob - Downloaded sources for org.springframework.boot:spring-boot-starter-test:2.7.1
2024-02-11 10:52:20,160 [Worker-18: Download sources and javadoc] INFO  o.e.m.c.i.e.AbstractTransferListenerAdapter - Downloading https://repo.maven.apache.org/maven2/org/springframework/boot/spring-boot-test/2.7.1/spring-boot-test-2.7.1-sources.jar
2024-02-11 10:52:20,297 [Worker-18: Download sources and javadoc] INFO  o.e.m.c.i.e.AbstractTransferListenerAdapter - Downloaded https://repo.maven.apache.org/maven2/org/springframework/boot/spring-boot-test/2.7.1/spring-boot-test-2.7.1-sources.jar
2024-02-11 10:52:20,301 [Worker-18: Download sources and javadoc] INFO  o.e.m.j.internal.DownloadSourcesJob - Downloaded sources for org.springframework.boot:spring-boot-test:2.7.1
2024-02-11 10:52:20,413 [Worker-18: Download sources and javadoc] INFO  o.e.m.c.i.e.AbstractTransferListenerAdapter - Downloading https://repo.maven.apache.org/maven2/org/springframework/boot/spring-boot-test-autoconfigure/2.7.1/spring-boot-test-autoconfigure-2.7.1-sources.jar
2024-02-11 10:52:20,568 [Worker-18: Download sources and javadoc] INFO  o.e.m.c.i.e.AbstractTransferListenerAdapter - Downloaded https://repo.maven.apache.org/maven2/org/springframework/boot/spring-boot-test-autoconfigure/2.7.1/spring-boot-test-autoconfigure-2.7.1-sources.jar
2024-02-11 10:52:20,572 [Worker-18: Download sources and javadoc] INFO  o.e.m.j.internal.DownloadSourcesJob - Downloaded sources for org.springframework.boot:spring-boot-test-autoconfigure:2.7.1
2024-02-11 10:52:20,683 [Worker-18: Download sources and javadoc] INFO  o.e.m.c.i.e.AbstractTransferListenerAdapter - Downloading https://repo.maven.apache.org/maven2/net/bytebuddy/byte-buddy-agent/1.12.11/byte-buddy-agent-1.12.11-sources.jar
2024-02-11 10:52:20,825 [Worker-18: Download sources and javadoc] INFO  o.e.m.c.i.e.AbstractTransferListenerAdapter - Downloaded https://repo.maven.apache.org/maven2/net/bytebuddy/byte-buddy-agent/1.12.11/byte-buddy-agent-1.12.11-sources.jar
2024-02-11 10:52:20,829 [Worker-18: Download sources and javadoc] INFO  o.e.m.j.internal.DownloadSourcesJob - Downloaded sources for net.bytebuddy:byte-buddy-agent:1.12.11
2024-02-11 10:52:20,935 [Worker-18: Download sources and javadoc] INFO  o.e.m.c.i.e.AbstractTransferListenerAdapter - Downloading https://repo.maven.apache.org/maven2/org/springframework/spring-core/5.3.21/spring-core-5.3.21-sources.jar
2024-02-11 10:52:21,305 [Worker-18: Download sources and javadoc] INFO  o.e.m.c.i.e.AbstractTransferListenerAdapter - Downloaded https://repo.maven.apache.org/maven2/org/springframework/spring-core/5.3.21/spring-core-5.3.21-sources.jar
2024-02-11 10:52:21,309 [Worker-18: Download sources and javadoc] INFO  o.e.m.j.internal.DownloadSourcesJob - Downloaded sources for org.springframework:spring-core:5.3.21
2024-02-11 10:52:21,409 [Worker-18: Download sources and javadoc] INFO  o.e.m.c.i.e.AbstractTransferListenerAdapter - Downloading https://repo.maven.apache.org/maven2/org/springframework/spring-jcl/5.3.21/spring-jcl-5.3.21-sources.jar
2024-02-11 10:52:21,523 [Worker-18: Download sources and javadoc] INFO  o.e.m.c.i.e.AbstractTransferListenerAdapter - Downloaded https://repo.maven.apache.org/maven2/org/springframework/spring-jcl/5.3.21/spring-jcl-5.3.21-sources.jar
2024-02-11 10:52:21,526 [Worker-18: Download sources and javadoc] INFO  o.e.m.j.internal.DownloadSourcesJob - Downloaded sources for org.springframework:spring-jcl:5.3.21
2024-02-11 10:52:21,636 [Worker-18: Download sources and javadoc] INFO  o.e.m.c.i.e.AbstractTransferListenerAdapter - Downloading https://repo.maven.apache.org/maven2/org/springframework/spring-test/5.3.21/spring-test-5.3.21-sources.jar
2024-02-11 10:52:21,901 [Worker-18: Download sources and javadoc] INFO  o.e.m.c.i.e.AbstractTransferListenerAdapter - Downloaded https://repo.maven.apache.org/maven2/org/springframework/spring-test/5.3.21/spring-test-5.3.21-sources.jar
2024-02-11 10:52:21,905 [Worker-18: Download sources and javadoc] INFO  o.e.m.j.internal.DownloadSourcesJob - Downloaded sources for org.springframework:spring-test:5.3.21
2024-02-11 10:52:40,881 [main] INFO  o.e.m2e.actions.ExecutePomAction - Using existing launch configuration
2024-02-11 10:52:40,966 [Worker-24: Launching parking_at_tips] INFO  o.e.m.i.launch.MavenLaunchDelegate - Run build in "D:\project\parking_at_tips\parking_at_tips":
2024-02-11 10:52:40,967 [Worker-24: Launching parking_at_tips] INFO  o.e.m.i.launch.MavenLaunchDelegate -  mvn  -B -Dstyle.color=always install
2024-02-11 10:56:27,047 [Worker-18: Updating Maven Project] INFO  o.e.m.c.i.p.ProjectConfigurationManager - Update started
2024-02-11 10:56:27,507 [Worker-18: Updating Maven Project] INFO  o.e.m.c.i.l.LifecycleMappingFactory - Using org.eclipse.m2e.jdt.JarLifecycleMapping lifecycle mapping for MavenProject: parking_at_tips:parking_at_tips:0.0.1-SNAPSHOT @ D:\project\parking_at_tips\parking_at_tips\pom.xml.
2024-02-11 10:56:28,737 [Worker-18: Updating Maven Project] INFO  o.e.m.j.i.AbstractJavaProjectConfigurator - Adding source folder /parking_at_tips/src/main/java
2024-02-11 10:56:28,738 [Worker-18: Updating Maven Project] INFO  o.e.m.j.i.AbstractJavaProjectConfigurator - Adding resource folder /parking_at_tips/src/main/resources
2024-02-11 10:56:28,738 [Worker-18: Updating Maven Project] INFO  o.e.m.j.i.AbstractJavaProjectConfigurator - Adding resource folder /parking_at_tips/src/main/resources
2024-02-11 10:56:28,738 [Worker-18: Updating Maven Project] INFO  o.e.m.j.i.AbstractJavaProjectConfigurator - Adding source folder /parking_at_tips/src/test/java
2024-02-11 10:56:28,739 [Worker-18: Updating Maven Project] INFO  o.e.m.j.i.AbstractJavaProjectConfigurator - Adding resource folder /parking_at_tips/src/test/resources
2024-02-11 10:56:29,136 [Worker-18: Updating Maven Project] INFO  o.e.m.c.i.p.ProjectConfigurationManager - Update completed for 1 poms: local refresh takes 0.00 sec, refresh facades takes 1.00 sec, update config takes 0.00 sec 
2024-02-11 10:56:40,087 [main] INFO  o.e.m2e.actions.ExecutePomAction - Using existing launch configuration
2024-02-11 10:56:40,157 [Worker-27: Launching parking_at_tips] INFO  o.e.m.i.launch.MavenLaunchDelegate - Run build in "D:\project\parking_at_tips\parking_at_tips":
2024-02-11 10:56:40,157 [Worker-27: Launching parking_at_tips] INFO  o.e.m.i.launch.MavenLaunchDelegate -  mvn  -B -Dstyle.color=always install
2024-02-11 11:22:49,947 [Worker-41: Updating Maven Dependencies] INFO  o.e.m.c.i.l.LifecycleMappingFactory - Using org.eclipse.m2e.jdt.JarLifecycleMapping lifecycle mapping for MavenProject: ManyToManyDemo:ManyToManyDemo:0.0.1-SNAPSHOT @ D:\Eclipse\Eclipse\Setup\eclipse\Workspace\ManyToMany\pom.xml.
2024-02-11 11:23:10,140 [main] INFO  o.e.m2e.actions.ExecutePomAction - Creating new launch configuration
2024-02-11 11:23:21,999 [Worker-40: Launching ManyToMany] INFO  o.e.m.i.launch.MavenLaunchDelegate - Run build in "D:\Eclipse\Eclipse\Setup\eclipse\Workspace\ManyToMany":
2024-02-11 11:23:22,000 [Worker-40: Launching ManyToMany] INFO  o.e.m.i.launch.MavenLaunchDelegate -  mvn  -B -Dstyle.color=always install
2024-02-11 11:23:48,265 [Worker-42: Updating Maven Project] INFO  o.e.m.c.i.p.ProjectConfigurationManager - Update started
2024-02-11 11:23:48,693 [Worker-42: Updating Maven Project] INFO  o.e.m.c.i.l.LifecycleMappingFactory - Using org.eclipse.m2e.jdt.JarLifecycleMapping lifecycle mapping for MavenProject: ManyToManyDemo:ManyToManyDemo:0.0.1-SNAPSHOT @ D:\Eclipse\Eclipse\Setup\eclipse\Workspace\ManyToMany\pom.xml.
2024-02-11 11:23:48,950 [Worker-42: Updating Maven Project] INFO  o.e.m.j.i.AbstractJavaProjectConfigurator - Adding source folder /ManyToMany/src/main/java
2024-02-11 11:23:48,950 [Worker-42: Updating Maven Project] INFO  o.e.m.j.i.AbstractJavaProjectConfigurator - Adding resource folder /ManyToMany/src/main/resources
2024-02-11 11:23:48,950 [Worker-42: Updating Maven Project] INFO  o.e.m.j.i.AbstractJavaProjectConfigurator - Adding source folder /ManyToMany/src/test/java
2024-02-11 11:23:48,951 [Worker-42: Updating Maven Project] INFO  o.e.m.j.i.AbstractJavaProjectConfigurator - Adding resource folder /ManyToMany/src/test/resources
2024-02-11 11:23:49,200 [Worker-42: Updating Maven Project] INFO  o.e.m.c.i.p.ProjectConfigurationManager - Update completed for 1 poms: local refresh takes 0.00 sec, refresh facades takes 0.00 sec, update config takes 0.00 sec 
2024-02-11 11:40:22,658 [Worker-45: Updating Maven Dependencies] INFO  o.e.m.c.i.l.LifecycleMappingFactory - Using org.eclipse.m2e.jdt.JarLifecycleMapping lifecycle mapping for MavenProject: ManyToManyDemo:ManyToManyDemo:0.0.1-SNAPSHOT @ D:\Eclipse\Eclipse\Setup\eclipse\Workspace\ManyToMany\pom.xml.
2024-02-11 13:29:57,923 [Worker-82: Launching TestUsers] INFO  o.e.m.c.i.embedder.EclipseLogger - Using 'UTF-8' encoding to copy filtered resources.
2024-02-11 13:29:57,924 [Worker-82: Launching TestUsers] INFO  o.e.m.c.i.embedder.EclipseLogger - Using 'UTF-8' encoding to copy filtered properties files.
2024-02-11 13:29:57,930 [Worker-82: Launching TestUsers] INFO  o.e.m.c.i.embedder.EclipseLogger - Copying 1 resource
2024-02-11 13:29:57,960 [Worker-82: Launching TestUsers] INFO  o.e.m.c.i.embedder.EclipseLogger - Copying 0 resource
2024-02-11 13:29:57,975 [Worker-82: Launching TestUsers] INFO  o.e.m.c.i.embedder.EclipseLogger - Using 'UTF-8' encoding to copy filtered resources.
2024-02-11 13:29:57,975 [Worker-82: Launching TestUsers] INFO  o.e.m.c.i.embedder.EclipseLogger - Using 'UTF-8' encoding to copy filtered properties files.
2024-02-11 13:29:57,976 [Worker-82: Launching TestUsers] INFO  o.e.m.c.i.embedder.EclipseLogger - Copying 0 resource
